Using pre-set license
Built from '2022.3/staging' branch; Version is '2022.3.47f1 (88c277b85d21) revision 8962679'; Using compiler version '192829333'; Build Type 'Release'
OS: 'Windows 11  (10.0.22631) 64bit Core' Language: 'en' Physical Memory: 16086 MB
BatchMode: 1, IsHumanControllingUs: 0, StartBugReporterOnCrash: 0, Is64bit: 1, IsPro: 1

COMMAND LINE ARGUMENTS:
C:\Program Files\2022.3.47f1\Editor\Unity.exe
-adb2
-batchMode
-noUpm
-name
AssetImportWorker0
-projectPath
C:/Users/twajo/OneDrive/Desktop/SECTION3/GS3/GamblingSimulator/Gambling_Simulator
-logFile
Logs/AssetImportWorker0.log
-srvPort
59518
Successfully changed project path to: C:/Users/twajo/OneDrive/Desktop/SECTION3/GS3/GamblingSimulator/Gambling_Simulator
C:/Users/twajo/OneDrive/Desktop/SECTION3/GS3/GamblingSimulator/Gambling_Simulator
[UnityMemory] Configuration Parameters - Can be set up in boot.config
    "memorysetup-bucket-allocator-granularity=16"
    "memorysetup-bucket-allocator-bucket-count=8"
    "memorysetup-bucket-allocator-block-size=33554432"
    "memorysetup-bucket-allocator-block-count=8"
    "memorysetup-main-allocator-block-size=16777216"
    "memorysetup-thread-allocator-block-size=16777216"
    "memorysetup-gfx-main-allocator-block-size=16777216"
    "memorysetup-gfx-thread-allocator-block-size=16777216"
    "memorysetup-cache-allocator-block-size=4194304"
    "memorysetup-typetree-allocator-block-size=2097152"
    "memorysetup-profiler-bucket-allocator-granularity=16"
    "memorysetup-profiler-bucket-allocator-bucket-count=8"
    "memorysetup-profiler-bucket-allocator-block-size=33554432"
    "memorysetup-profiler-bucket-allocator-block-count=8"
    "memorysetup-profiler-allocator-block-size=16777216"
    "memorysetup-profiler-editor-allocator-block-size=1048576"
    "memorysetup-temp-allocator-size-main=16777216"
    "memorysetup-job-temp-allocator-block-size=2097152"
    "memorysetup-job-temp-allocator-block-size-background=1048576"
    "memorysetup-job-temp-allocator-reduction-small-platforms=262144"
    "memorysetup-allocator-temp-initial-block-size-main=262144"
    "memorysetup-allocator-temp-initial-block-size-worker=262144"
    "memorysetup-temp-allocator-size-background-worker=32768"
    "memorysetup-temp-allocator-size-job-worker=262144"
    "memorysetup-temp-allocator-size-preload-manager=33554432"
    "memorysetup-temp-allocator-size-nav-mesh-worker=65536"
    "memorysetup-temp-allocator-size-audio-worker=65536"
    "memorysetup-temp-allocator-size-cloud-worker=32768"
    "memorysetup-temp-allocator-size-gi-baking-worker=262144"
    "memorysetup-temp-allocator-size-gfx=262144"
Player connection [5408]  Target information:

Player connection [5408]  * "[IP] 10.253.1.122 [Port] 0 [Flags] 2 [Guid] 3594568505 [EditorId] 3594568505 [Version] 1048832 [Id] WindowsEditor(7,MSI) [Debug] 1 [PackageName] WindowsEditor [ProjectName] Editor" 

Player connection [5408] Host joined multi-casting on [225.0.0.222:54997]...
Player connection [5408] Host joined alternative multi-casting on [225.0.0.222:34997]...
[PhysX] Initialized MultithreadedTaskDispatcher with 12 workers.
Refreshing native plugins compatible for Editor in 7.36 ms, found 3 plugins.
Preloading 0 native plugins for Editor in 0.00 ms.
Initialize engine version: 2022.3.47f1 (88c277b85d21)
[Subsystems] Discovering subsystems at path C:/Program Files/2022.3.47f1/Editor/Data/Resources/UnitySubsystems
[Subsystems] Discovering subsystems at path C:/Users/twajo/OneDrive/Desktop/SECTION3/GS3/GamblingSimulator/Gambling_Simulator/Assets
GfxDevice: creating device client; threaded=0; jobified=0
Direct3D:
    Version:  Direct3D 11.0 [level 11.1]
    Renderer: NVIDIA GeForce RTX 3050 6GB Laptop GPU (ID=0x25ac)
    Vendor:   NVIDIA
    VRAM:     6002 MB
    Driver:   32.0.15.6109
Initialize mono
Mono path[0] = 'C:/Program Files/2022.3.47f1/Editor/Data/Managed'
Mono path[1] = 'C:/Program Files/2022.3.47f1/Editor/Data/MonoBleedingEdge/lib/mono/unityjit-win32'
Mono config path = 'C:/Program Files/2022.3.47f1/Editor/Data/MonoBleedingEdge/etc'
Using monoOptions --debugger-agent=transport=dt_socket,embedding=1,server=y,suspend=n,address=127.0.0.1:56120
Begin MonoManager ReloadAssembly
Registering precompiled unity dll's ...
Register platform support module: C:/Program Files/2022.3.47f1/Editor/Data/PlaybackEngines/AndroidPlayer/UnityEditor.Android.Extensions.dll
Register platform support module: C:/Program Files/2022.3.47f1/Editor/Data/PlaybackEngines/iOSSupport/UnityEditor.iOS.Extensions.dll
Register platform support module: C:/Program Files/2022.3.47f1/Editor/Data/PlaybackEngines/VisionOSPlayer/UnityEditor.VisionOS.Extensions.dll
Register platform support module: C:/Program Files/2022.3.47f1/Editor/Data/PlaybackEngines/AppleTVSupport/UnityEditor.AppleTV.Extensions.dll
Register platform support module: C:/Program Files/2022.3.47f1/Editor/Data/PlaybackEngines/WindowsStandaloneSupport/UnityEditor.WindowsStandalone.Extensions.dll
Register platform support module: C:/Program Files/2022.3.47f1/Editor/Data/PlaybackEngines/LinuxStandaloneSupport/UnityEditor.LinuxStandalone.Extensions.dll
Registered in 0.010559 seconds.
- Loaded All Assemblies, in  0.316 seconds
Native extension for LinuxStandalone target not found
Native extension for WindowsStandalone target not found
[usbmuxd] Start listen thread
[usbmuxd] Listen thread started
Native extension for AppleTV target not found
Failed to load: C:/Program Files/2022.3.47f1/Editor/Data/PlaybackEngines/VisionOSPlayer\x64\UnityEditor.VisionOS.Native.dll
Native extension for VisionOS target not found
[usbmuxd] Start listen thread
[usbmuxd] Listen thread started
Native extension for iOS target not found
Native extension for Android target not found
Android Extension - Scanning For ADB Devices 328 ms
Mono: successfully reloaded assembly
- Finished resetting the current domain, in  0.620 seconds
Domain Reload Profiling: 935ms
	BeginReloadAssembly (97ms)
		ExecutionOrderSort (0ms)
		DisableScriptedObjects (0ms)
		BackupInstance (0ms)
		ReleaseScriptingObjects (0ms)
		CreateAndSetChildDomain (1ms)
	RebuildCommonClasses (30ms)
	RebuildNativeTypeToScriptingClass (8ms)
	initialDomainReloadingComplete (54ms)
	LoadAllAssembliesAndSetupDomain (127ms)
		LoadAssemblies (97ms)
		RebuildTransferFunctionScriptingTraits (0ms)
		AnalyzeDomain (123ms)
			TypeCache.Refresh (122ms)
				TypeCache.ScanAssembly (111ms)
			ScanForSourceGeneratedMonoScriptInfo (0ms)
			ResolveRequiredComponents (0ms)
	FinalizeReload (620ms)
		ReleaseScriptCaches (0ms)
		RebuildScriptCaches (0ms)
		SetupLoadedEditorAssemblies (581ms)
			LogAssemblyErrors (0ms)
			InitializePlatformSupportModulesInManaged (439ms)
			SetLoadedEditorAssemblies (4ms)
			RefreshPlugins (0ms)
			BeforeProcessingInitializeOnLoad (2ms)
			ProcessInitializeOnLoadAttributes (98ms)
			ProcessInitializeOnLoadMethodAttributes (39ms)
			AfterProcessingInitializeOnLoad (0ms)
			EditorAssembliesLoaded (0ms)
		ExecutionOrderSort2 (0ms)
		AwakeInstancesAfterBackupRestoration (0ms)
========================================================================
Worker process is ready to serve import requests
Caller must complete domain reload
Begin MonoManager ReloadAssembly
- Loaded All Assemblies, in  0.563 seconds
Native extension for LinuxStandalone target not found
Native extension for WindowsStandalone target not found
Native extension for AppleTV target not found
Failed to load: C:/Program Files/2022.3.47f1/Editor/Data/PlaybackEngines/VisionOSPlayer\x64\UnityEditor.VisionOS.Native.dll
Native extension for VisionOS target not found
Native extension for iOS target not found
Native extension for Android target not found
Package Manager log level set to [2]
[Package Manager] Server::EnsureServerProcessIsRunning -- launch failed, reason: Unity was launched with the -noUpm command-line argument
[Package Manager] UpmClient::Send -- Unable to send message (not connected to UPM process).
[Package Manager] Cannot connect to Unity Package Manager local server
Mono: successfully reloaded assembly
- Finished resetting the current domain, in  0.557 seconds
Domain Reload Profiling: 1117ms
	BeginReloadAssembly (125ms)
		ExecutionOrderSort (0ms)
		DisableScriptedObjects (4ms)
		BackupInstance (0ms)
		ReleaseScriptingObjects (0ms)
		CreateAndSetChildDomain (19ms)
	RebuildCommonClasses (26ms)
	RebuildNativeTypeToScriptingClass (8ms)
	initialDomainReloadingComplete (35ms)
	LoadAllAssembliesAndSetupDomain (366ms)
		LoadAssemblies (277ms)
		RebuildTransferFunctionScriptingTraits (0ms)
		AnalyzeDomain (162ms)
			TypeCache.Refresh (144ms)
				TypeCache.ScanAssembly (129ms)
			ScanForSourceGeneratedMonoScriptInfo (12ms)
			ResolveRequiredComponents (4ms)
	FinalizeReload (557ms)
		ReleaseScriptCaches (0ms)
		RebuildScriptCaches (0ms)
		SetupLoadedEditorAssemblies (424ms)
			LogAssemblyErrors (0ms)
			InitializePlatformSupportModulesInManaged (35ms)
			SetLoadedEditorAssemblies (3ms)
			RefreshPlugins (0ms)
			BeforeProcessingInitializeOnLoad (48ms)
			ProcessInitializeOnLoadAttributes (316ms)
			ProcessInitializeOnLoadMethodAttributes (17ms)
			AfterProcessingInitializeOnLoad (6ms)
			EditorAssembliesLoaded (0ms)
		ExecutionOrderSort2 (0ms)
		AwakeInstancesAfterBackupRestoration (6ms)
Launched and connected shader compiler UnityShaderCompiler.exe after 0.05 seconds
Refreshing native plugins compatible for Editor in 3.71 ms, found 3 plugins.
Preloading 0 native plugins for Editor in 0.00 ms.
Unloading 3149 Unused Serialized files (Serialized files now loaded: 0)
Unloading 19 unused Assets / (54.8 KB). Loaded Objects now: 3618.
Memory consumption went from 123.5 MB to 123.4 MB.
Total: 2.571900 ms (FindLiveObjects: 0.180600 ms CreateObjectMapping: 0.083000 ms MarkObjects: 2.180600 ms  DeleteObjects: 0.126500 ms)

AssetImportParameters requested are different than current active one (requested -> active):
  custom:container-demuxer-ogg: 62fdf1f143b41e24485cea50d1cbac27 -> 
  custom:video-codec-MediaFoundation-h265: 746d11721c4dcdbdad8f713fa42b33f4 -> 
  custom:video-decoder-ogg-theora: a1e56fd34408186e4bbccfd4996cb3dc -> 
  custom:framework-win-MediaFoundation: 216162199b28c13a410421893ffa2e32 -> 
  custom:CustomObjectIndexerAttribute: 9a22284fe3817be447336de3de66b15e -> 
  custom:container-demuxer-webm: 4f35f7cbe854078d1ac9338744f61a02 -> 
  custom:container-muxer-webm: aa71ff27fc2769a1b78a27578f13a17b -> 
  custom:video-decoder-webm-vp8: 9c59270c3fd7afecdb556c50c9e8de78 -> 
  custom:SearchIndexIgnoredProperties: e643bd26f0fe6173181afceb89e7c659 -> 
  custom:AudioImporter_EditorPlatform: d09bf68614088b80899f8185d706f6e7 -> 
  custom:video-encoder-webm-vp8: eb34c28f22e8b96e1ab97ce403110664 -> 
  custom:audio-decoder-ogg-vorbis: bf7c407c2cedff20999df2af8eb42d56 -> 
  custom:audio-encoder-webm-vorbis: bf7c407c2cedff20999df2af8eb42d56 -> 
========================================================================
Received Import Request.
  Time since last request: 89757.765138 seconds.
  path: Assets/Tim_Test/Chips/coin-1-64($10) .png
  artifactKey: Guid(1c5d9ad0cceeaed4a97a27d9ba673a5d) Importer(815301076,1909f56bfc062723c751e8b465ee728b)
Start importing Assets/Tim_Test/Chips/coin-1-64($10) .png using Guid(1c5d9ad0cceeaed4a97a27d9ba673a5d) Importer(815301076,1909f56bfc062723c751e8b465ee728b) [PhysX] Initialized MultithreadedTaskDispatcher with 12 workers.
[PhysX] Initialized MultithreadedTaskDispatcher with 12 workers.
 -> (artifact id: 'db21d1a2abdb687b6b1c9e21457b7f7f') in 0.053984 seconds
Number of updated asset objects reloaded before import = 0
Number of asset objects unloaded after import = 2
========================================================================
Received Import Request.
  Time since last request: 0.000041 seconds.
  path: Assets/Tim_Test/Chips/coin-1-64 ($5) .png
  artifactKey: Guid(64eff99fee122144fb8ecb41971889fe) Importer(815301076,1909f56bfc062723c751e8b465ee728b)
Start importing Assets/Tim_Test/Chips/coin-1-64 ($5) .png using Guid(64eff99fee122144fb8ecb41971889fe) Importer(815301076,1909f56bfc062723c751e8b465ee728b) [PhysX] Initialized MultithreadedTaskDispatcher with 12 workers.
[PhysX] Initialized MultithreadedTaskDispatcher with 12 workers.
 -> (artifact id: '9baa6630b7b6c2cbffda427639486f54') in 0.017322 seconds
Number of updated asset objects reloaded before import = 0
Number of asset objects unloaded after import = 2
========================================================================
Received Import Request.
  Time since last request: 74.570154 seconds.
  path: Assets/Tim_Test/Chips/coin-1-64 ($5) .png
  artifactKey: Guid(64eff99fee122144fb8ecb41971889fe) Importer(815301076,1909f56bfc062723c751e8b465ee728b)
Start importing Assets/Tim_Test/Chips/coin-1-64 ($5) .png using Guid(64eff99fee122144fb8ecb41971889fe) Importer(815301076,1909f56bfc062723c751e8b465ee728b) [PhysX] Initialized MultithreadedTaskDispatcher with 12 workers.
[PhysX] Initialized MultithreadedTaskDispatcher with 12 workers.
 -> (artifact id: 'de463c7cbdd342e5ea62f95e16f98584') in 0.057550 seconds
Number of updated asset objects reloaded before import = 0
Number of asset objects unloaded after import = 3
========================================================================
Received Import Request.
  Time since last request: 8.711374 seconds.
  path: Assets/Tim_Test/Chips/coin-1-64($10) .png
  artifactKey: Guid(1c5d9ad0cceeaed4a97a27d9ba673a5d) Importer(815301076,1909f56bfc062723c751e8b465ee728b)
Start importing Assets/Tim_Test/Chips/coin-1-64($10) .png using Guid(1c5d9ad0cceeaed4a97a27d9ba673a5d) Importer(815301076,1909f56bfc062723c751e8b465ee728b) [PhysX] Initialized MultithreadedTaskDispatcher with 12 workers.
[PhysX] Initialized MultithreadedTaskDispatcher with 12 workers.
 -> (artifact id: 'f6491e1bfcb5003748c40fb12d3cf3b5') in 0.024087 seconds
Number of updated asset objects reloaded before import = 0
Number of asset objects unloaded after import = 3
========================================================================
Received Import Request.
  Time since last request: 8.230175 seconds.
  path: Assets/Tim_Test/Chips/coin-1-64($25) .png
  artifactKey: Guid(89c42604469c010498dcaebd404aea31) Importer(815301076,1909f56bfc062723c751e8b465ee728b)
Start importing Assets/Tim_Test/Chips/coin-1-64($25) .png using Guid(89c42604469c010498dcaebd404aea31) Importer(815301076,1909f56bfc062723c751e8b465ee728b) [PhysX] Initialized MultithreadedTaskDispatcher with 12 workers.
[PhysX] Initialized MultithreadedTaskDispatcher with 12 workers.
 -> (artifact id: '245b555d193640c9c22494977ec4bbae') in 0.025671 seconds
Number of updated asset objects reloaded before import = 0
Number of asset objects unloaded after import = 3
========================================================================
Received Import Request.
  Time since last request: 19.283156 seconds.
  path: Assets/Tim_Test/Chips/coin-1-64(50$) .png
  artifactKey: Guid(d119a56bb1d6b6c4280b09ef4c52e3b9) Importer(815301076,1909f56bfc062723c751e8b465ee728b)
Start importing Assets/Tim_Test/Chips/coin-1-64(50$) .png using Guid(d119a56bb1d6b6c4280b09ef4c52e3b9) Importer(815301076,1909f56bfc062723c751e8b465ee728b) [PhysX] Initialized MultithreadedTaskDispatcher with 12 workers.
[PhysX] Initialized MultithreadedTaskDispatcher with 12 workers.
 -> (artifact id: 'b71f2ccd320027c3919ff39e259a28a6') in 0.020823 seconds
Number of updated asset objects reloaded before import = 0
Number of asset objects unloaded after import = 3
========================================================================
Received Import Request.
  Time since last request: 201.132286 seconds.
  path: Assets/Tim_Test/NewBehaviourScript.cs
  artifactKey: Guid(d7e59faf267953c4e979e57462d1e3c7) Importer(815301076,1909f56bfc062723c751e8b465ee728b)
Start importing Assets/Tim_Test/NewBehaviourScript.cs using Guid(d7e59faf267953c4e979e57462d1e3c7) Importer(815301076,1909f56bfc062723c751e8b465ee728b) [PhysX] Initialized MultithreadedTaskDispatcher with 12 workers.
 -> (artifact id: 'b2e9a0a4fc1169959703dc010374c770') in 0.000690 seconds
Number of updated asset objects reloaded before import = 0
Number of asset objects unloaded after import = 0
========================================================================
Received Prepare
Caller must complete domain reload
Begin MonoManager ReloadAssembly
- Loaded All Assemblies, in  5.531 seconds
Native extension for LinuxStandalone target not found
Native extension for WindowsStandalone target not found
Native extension for AppleTV target not found
Failed to load: C:/Program Files/2022.3.47f1/Editor/Data/PlaybackEngines/VisionOSPlayer\x64\UnityEditor.VisionOS.Native.dll
Native extension for VisionOS target not found
Native extension for iOS target not found
Native extension for Android target not found
[Package Manager] Server::EnsureServerProcessIsRunning -- launch failed, reason: Unity was launched with the -noUpm command-line argument
[Package Manager] UpmClient::Send -- Unable to send message (not connected to UPM process).
[Package Manager] Cannot connect to Unity Package Manager local server
Mono: successfully reloaded assembly
- Finished resetting the current domain, in 18.155 seconds
Domain Reload Profiling: 23684ms
	BeginReloadAssembly (132ms)
		ExecutionOrderSort (0ms)
		DisableScriptedObjects (3ms)
		BackupInstance (0ms)
		ReleaseScriptingObjects (0ms)
		CreateAndSetChildDomain (28ms)
	RebuildCommonClasses (24ms)
	RebuildNativeTypeToScriptingClass (8ms)
	initialDomainReloadingComplete (24ms)
	LoadAllAssembliesAndSetupDomain (5341ms)
		LoadAssemblies (5402ms)
		RebuildTransferFunctionScriptingTraits (0ms)
		AnalyzeDomain (11ms)
			TypeCache.Refresh (6ms)
				TypeCache.ScanAssembly (0ms)
			ScanForSourceGeneratedMonoScriptInfo (0ms)
			ResolveRequiredComponents (4ms)
	FinalizeReload (18156ms)
		ReleaseScriptCaches (0ms)
		RebuildScriptCaches (0ms)
		SetupLoadedEditorAssemblies (452ms)
			LogAssemblyErrors (0ms)
			InitializePlatformSupportModulesInManaged (42ms)
			SetLoadedEditorAssemblies (4ms)
			RefreshPlugins (0ms)
			BeforeProcessingInitializeOnLoad (59ms)
			ProcessInitializeOnLoadAttributes (323ms)
			ProcessInitializeOnLoadMethodAttributes (18ms)
			AfterProcessingInitializeOnLoad (5ms)
			EditorAssembliesLoaded (0ms)
		ExecutionOrderSort2 (0ms)
		AwakeInstancesAfterBackupRestoration (7ms)
Script is not up to date after domain reload: guid(73bade129c357b343b802e456aa1041c) path("Assets/Tim_Test/ROLL.cs") state(2)
Refreshing native plugins compatible for Editor in 6.99 ms, found 3 plugins.
Preloading 0 native plugins for Editor in 0.00 ms.
Unloading 3128 Unused Serialized files (Serialized files now loaded: 0)
Unloading 14 unused Assets / (28.5 KB). Loaded Objects now: 3627.
Memory consumption went from 123.7 MB to 123.7 MB.
Total: 2.599800 ms (FindLiveObjects: 0.287900 ms CreateObjectMapping: 0.140300 ms MarkObjects: 2.127100 ms  DeleteObjects: 0.043200 ms)

Prepare: number of updated asset objects reloaded= 0
AssetImportParameters requested are different than current active one (requested -> active):
  custom:container-demuxer-ogg: 62fdf1f143b41e24485cea50d1cbac27 -> 
  custom:video-codec-MediaFoundation-h265: 746d11721c4dcdbdad8f713fa42b33f4 -> 
  custom:video-decoder-ogg-theora: a1e56fd34408186e4bbccfd4996cb3dc -> 
  custom:framework-win-MediaFoundation: 216162199b28c13a410421893ffa2e32 -> 
  custom:CustomObjectIndexerAttribute: 9a22284fe3817be447336de3de66b15e -> 
  custom:container-demuxer-webm: 4f35f7cbe854078d1ac9338744f61a02 -> 
  custom:container-muxer-webm: aa71ff27fc2769a1b78a27578f13a17b -> 
  custom:video-decoder-webm-vp8: 9c59270c3fd7afecdb556c50c9e8de78 -> 
  custom:SearchIndexIgnoredProperties: e643bd26f0fe6173181afceb89e7c659 -> 
  custom:AudioImporter_EditorPlatform: d09bf68614088b80899f8185d706f6e7 -> 
  custom:video-encoder-webm-vp8: eb34c28f22e8b96e1ab97ce403110664 -> 
  custom:audio-decoder-ogg-vorbis: bf7c407c2cedff20999df2af8eb42d56 -> 
  custom:audio-encoder-webm-vorbis: bf7c407c2cedff20999df2af8eb42d56 -> 
========================================================================
Received Import Request.
  Time since last request: 54.594863 seconds.
  path: Assets/Tim_Test/ROLL.cs
  artifactKey: Guid(73bade129c357b343b802e456aa1041c) Importer(815301076,1909f56bfc062723c751e8b465ee728b)
Start importing Assets/Tim_Test/ROLL.cs using Guid(73bade129c357b343b802e456aa1041c) Importer(815301076,1909f56bfc062723c751e8b465ee728b) [PhysX] Initialized MultithreadedTaskDispatcher with 12 workers.
 -> (artifact id: '00000000000000000000000000000000') in 0.003412 seconds
Import Error Code:(4)
Message: Build asset version error: assets/tim_test/roll.cs in SourceAssetDB has modification time of '2024-11-26T21:19:08.3652634Z' while content on disk has modification time of '2024-11-26T21:19:23.4262051Z'
  ERROR: Build asset version error: assets/tim_test/roll.cs in SourceAssetDB has modification time of '2024-11-26T21:19:08.3652634Z' while content on disk has modification time of '2024-11-26T21:19:23.4262051Z'
Number of updated asset objects reloaded before import = 0
Number of asset objects unloaded after import = 0
========================================================================
Received Import Request.
  Time since last request: 0.006372 seconds.
  path: Assets/Tim_Test/ROLL.cs
  artifactKey: Guid(73bade129c357b343b802e456aa1041c) Importer(815301076,1909f56bfc062723c751e8b465ee728b)
Start importing Assets/Tim_Test/ROLL.cs using Guid(73bade129c357b343b802e456aa1041c) Importer(815301076,1909f56bfc062723c751e8b465ee728b) [PhysX] Initialized MultithreadedTaskDispatcher with 12 workers.
 -> (artifact id: '00000000000000000000000000000000') in 0.000629 seconds
Import Error Code:(4)
Message: Build asset version error: assets/tim_test/roll.cs in SourceAssetDB has modification time of '2024-11-26T21:19:08.3652634Z' while content on disk has modification time of '2024-11-26T21:19:23.4262051Z'
  ERROR: Build asset version error: assets/tim_test/roll.cs in SourceAssetDB has modification time of '2024-11-26T21:19:08.3652634Z' while content on disk has modification time of '2024-11-26T21:19:23.4262051Z'
Number of updated asset objects reloaded before import = 0
Number of asset objects unloaded after import = 0
========================================================================
Received Import Request.
  Time since last request: 0.011737 seconds.
  path: Assets/Tim_Test/ROLL.cs
  artifactKey: Guid(73bade129c357b343b802e456aa1041c) Importer(815301076,1909f56bfc062723c751e8b465ee728b)
Start importing Assets/Tim_Test/ROLL.cs using Guid(73bade129c357b343b802e456aa1041c) Importer(815301076,1909f56bfc062723c751e8b465ee728b) [PhysX] Initialized MultithreadedTaskDispatcher with 12 workers.
 -> (artifact id: '00000000000000000000000000000000') in 0.000547 seconds
Import Error Code:(4)
Message: Build asset version error: assets/tim_test/roll.cs in SourceAssetDB has modification time of '2024-11-26T21:19:08.3652634Z' while content on disk has modification time of '2024-11-26T21:19:23.4262051Z'
  ERROR: Build asset version error: assets/tim_test/roll.cs in SourceAssetDB has modification time of '2024-11-26T21:19:08.3652634Z' while content on disk has modification time of '2024-11-26T21:19:23.4262051Z'
Number of updated asset objects reloaded before import = 0
Number of asset objects unloaded after import = 0
========================================================================
Received Import Request.
  Time since last request: 0.011127 seconds.
  path: Assets/Tim_Test/ROLL.cs
  artifactKey: Guid(73bade129c357b343b802e456aa1041c) Importer(815301076,1909f56bfc062723c751e8b465ee728b)
Start importing Assets/Tim_Test/ROLL.cs using Guid(73bade129c357b343b802e456aa1041c) Importer(815301076,1909f56bfc062723c751e8b465ee728b) [PhysX] Initialized MultithreadedTaskDispatcher with 12 workers.
 -> (artifact id: '00000000000000000000000000000000') in 0.000704 seconds
Import Error Code:(4)
Message: Build asset version error: assets/tim_test/roll.cs in SourceAssetDB has modification time of '2024-11-26T21:19:08.3652634Z' while content on disk has modification time of '2024-11-26T21:19:23.4262051Z'
  ERROR: Build asset version error: assets/tim_test/roll.cs in SourceAssetDB has modification time of '2024-11-26T21:19:08.3652634Z' while content on disk has modification time of '2024-11-26T21:19:23.4262051Z'
Number of updated asset objects reloaded before import = 0
Number of asset objects unloaded after import = 0
========================================================================
Received Import Request.
  Time since last request: 0.012781 seconds.
  path: Assets/Tim_Test/ROLL.cs
  artifactKey: Guid(73bade129c357b343b802e456aa1041c) Importer(815301076,1909f56bfc062723c751e8b465ee728b)
Start importing Assets/Tim_Test/ROLL.cs using Guid(73bade129c357b343b802e456aa1041c) Importer(815301076,1909f56bfc062723c751e8b465ee728b) [PhysX] Initialized MultithreadedTaskDispatcher with 12 workers.
 -> (artifact id: '00000000000000000000000000000000') in 0.000725 seconds
Import Error Code:(4)
Message: Build asset version error: assets/tim_test/roll.cs in SourceAssetDB has modification time of '2024-11-26T21:19:08.3652634Z' while content on disk has modification time of '2024-11-26T21:19:23.4262051Z'
  ERROR: Build asset version error: assets/tim_test/roll.cs in SourceAssetDB has modification time of '2024-11-26T21:19:08.3652634Z' while content on disk has modification time of '2024-11-26T21:19:23.4262051Z'
Number of updated asset objects reloaded before import = 0
Number of asset objects unloaded after import = 0
========================================================================
Received Import Request.
  Time since last request: 0.012106 seconds.
  path: Assets/Tim_Test/ROLL.cs
  artifactKey: Guid(73bade129c357b343b802e456aa1041c) Importer(815301076,1909f56bfc062723c751e8b465ee728b)
Start importing Assets/Tim_Test/ROLL.cs using Guid(73bade129c357b343b802e456aa1041c) Importer(815301076,1909f56bfc062723c751e8b465ee728b) [PhysX] Initialized MultithreadedTaskDispatcher with 12 workers.
 -> (artifact id: '00000000000000000000000000000000') in 0.000719 seconds
Import Error Code:(4)
Message: Build asset version error: assets/tim_test/roll.cs in SourceAssetDB has modification time of '2024-11-26T21:19:08.3652634Z' while content on disk has modification time of '2024-11-26T21:19:23.4262051Z'
  ERROR: Build asset version error: assets/tim_test/roll.cs in SourceAssetDB has modification time of '2024-11-26T21:19:08.3652634Z' while content on disk has modification time of '2024-11-26T21:19:23.4262051Z'
Number of updated asset objects reloaded before import = 0
Number of asset objects unloaded after import = 0
========================================================================
Received Import Request.
  Time since last request: 0.011342 seconds.
  path: Assets/Tim_Test/ROLL.cs
  artifactKey: Guid(73bade129c357b343b802e456aa1041c) Importer(815301076,1909f56bfc062723c751e8b465ee728b)
Start importing Assets/Tim_Test/ROLL.cs using Guid(73bade129c357b343b802e456aa1041c) Importer(815301076,1909f56bfc062723c751e8b465ee728b) [PhysX] Initialized MultithreadedTaskDispatcher with 12 workers.
 -> (artifact id: '00000000000000000000000000000000') in 0.000475 seconds
Import Error Code:(4)
Message: Build asset version error: assets/tim_test/roll.cs in SourceAssetDB has modification time of '2024-11-26T21:19:08.3652634Z' while content on disk has modification time of '2024-11-26T21:19:23.4262051Z'
  ERROR: Build asset version error: assets/tim_test/roll.cs in SourceAssetDB has modification time of '2024-11-26T21:19:08.3652634Z' while content on disk has modification time of '2024-11-26T21:19:23.4262051Z'
Number of updated asset objects reloaded before import = 0
Number of asset objects unloaded after import = 0
========================================================================
Received Import Request.
  Time since last request: 0.012076 seconds.
  path: Assets/Tim_Test/ROLL.cs
  artifactKey: Guid(73bade129c357b343b802e456aa1041c) Importer(815301076,1909f56bfc062723c751e8b465ee728b)
Start importing Assets/Tim_Test/ROLL.cs using Guid(73bade129c357b343b802e456aa1041c) Importer(815301076,1909f56bfc062723c751e8b465ee728b) [PhysX] Initialized MultithreadedTaskDispatcher with 12 workers.
 -> (artifact id: '00000000000000000000000000000000') in 0.000813 seconds
Import Error Code:(4)
Message: Build asset version error: assets/tim_test/roll.cs in SourceAssetDB has modification time of '2024-11-26T21:19:08.3652634Z' while content on disk has modification time of '2024-11-26T21:19:23.4262051Z'
  ERROR: Build asset version error: assets/tim_test/roll.cs in SourceAssetDB has modification time of '2024-11-26T21:19:08.3652634Z' while content on disk has modification time of '2024-11-26T21:19:23.4262051Z'
Number of updated asset objects reloaded before import = 0
Number of asset objects unloaded after import = 0
========================================================================
Received Import Request.
  Time since last request: 0.009816 seconds.
  path: Assets/Tim_Test/ROLL.cs
  artifactKey: Guid(73bade129c357b343b802e456aa1041c) Importer(815301076,1909f56bfc062723c751e8b465ee728b)
Start importing Assets/Tim_Test/ROLL.cs using Guid(73bade129c357b343b802e456aa1041c) Importer(815301076,1909f56bfc062723c751e8b465ee728b) [PhysX] Initialized MultithreadedTaskDispatcher with 12 workers.
 -> (artifact id: '00000000000000000000000000000000') in 0.000530 seconds
Import Error Code:(4)
Message: Build asset version error: assets/tim_test/roll.cs in SourceAssetDB has modification time of '2024-11-26T21:19:08.3652634Z' while content on disk has modification time of '2024-11-26T21:19:23.4262051Z'
  ERROR: Build asset version error: assets/tim_test/roll.cs in SourceAssetDB has modification time of '2024-11-26T21:19:08.3652634Z' while content on disk has modification time of '2024-11-26T21:19:23.4262051Z'
Number of updated asset objects reloaded before import = 0
Number of asset objects unloaded after import = 0
========================================================================
Received Import Request.
  Time since last request: 0.010498 seconds.
  path: Assets/Tim_Test/ROLL.cs
  artifactKey: Guid(73bade129c357b343b802e456aa1041c) Importer(815301076,1909f56bfc062723c751e8b465ee728b)
Start importing Assets/Tim_Test/ROLL.cs using Guid(73bade129c357b343b802e456aa1041c) Importer(815301076,1909f56bfc062723c751e8b465ee728b) [PhysX] Initialized MultithreadedTaskDispatcher with 12 workers.
 -> (artifact id: '00000000000000000000000000000000') in 0.000742 seconds
Import Error Code:(4)
Message: Build asset version error: assets/tim_test/roll.cs in SourceAssetDB has modification time of '2024-11-26T21:19:08.3652634Z' while content on disk has modification time of '2024-11-26T21:19:23.4262051Z'
  ERROR: Build asset version error: assets/tim_test/roll.cs in SourceAssetDB has modification time of '2024-11-26T21:19:08.3652634Z' while content on disk has modification time of '2024-11-26T21:19:23.4262051Z'
Number of updated asset objects reloaded before import = 0
Number of asset objects unloaded after import = 0
========================================================================
Received Import Request.
  Time since last request: 0.010843 seconds.
  path: Assets/Tim_Test/ROLL.cs
  artifactKey: Guid(73bade129c357b343b802e456aa1041c) Importer(815301076,1909f56bfc062723c751e8b465ee728b)
Start importing Assets/Tim_Test/ROLL.cs using Guid(73bade129c357b343b802e456aa1041c) Importer(815301076,1909f56bfc062723c751e8b465ee728b) [PhysX] Initialized MultithreadedTaskDispatcher with 12 workers.
 -> (artifact id: '00000000000000000000000000000000') in 0.000592 seconds
Import Error Code:(4)
Message: Build asset version error: assets/tim_test/roll.cs in SourceAssetDB has modification time of '2024-11-26T21:19:08.3652634Z' while content on disk has modification time of '2024-11-26T21:19:23.4262051Z'
  ERROR: Build asset version error: assets/tim_test/roll.cs in SourceAssetDB has modification time of '2024-11-26T21:19:08.3652634Z' while content on disk has modification time of '2024-11-26T21:19:23.4262051Z'
Number of updated asset objects reloaded before import = 0
Number of asset objects unloaded after import = 0
========================================================================
Received Import Request.
  Time since last request: 0.010634 seconds.
  path: Assets/Tim_Test/ROLL.cs
  artifactKey: Guid(73bade129c357b343b802e456aa1041c) Importer(815301076,1909f56bfc062723c751e8b465ee728b)
Start importing Assets/Tim_Test/ROLL.cs using Guid(73bade129c357b343b802e456aa1041c) Importer(815301076,1909f56bfc062723c751e8b465ee728b) [PhysX] Initialized MultithreadedTaskDispatcher with 12 workers.
 -> (artifact id: '00000000000000000000000000000000') in 0.000643 seconds
Import Error Code:(4)
Message: Build asset version error: assets/tim_test/roll.cs in SourceAssetDB has modification time of '2024-11-26T21:19:08.3652634Z' while content on disk has modification time of '2024-11-26T21:19:23.4262051Z'
  ERROR: Build asset version error: assets/tim_test/roll.cs in SourceAssetDB has modification time of '2024-11-26T21:19:08.3652634Z' while content on disk has modification time of '2024-11-26T21:19:23.4262051Z'
Number of updated asset objects reloaded before import = 0
Number of asset objects unloaded after import = 0
========================================================================
Received Import Request.
  Time since last request: 0.010816 seconds.
  path: Assets/Tim_Test/ROLL.cs
  artifactKey: Guid(73bade129c357b343b802e456aa1041c) Importer(815301076,1909f56bfc062723c751e8b465ee728b)
Start importing Assets/Tim_Test/ROLL.cs using Guid(73bade129c357b343b802e456aa1041c) Importer(815301076,1909f56bfc062723c751e8b465ee728b) [PhysX] Initialized MultithreadedTaskDispatcher with 12 workers.
 -> (artifact id: '00000000000000000000000000000000') in 0.000602 seconds
Import Error Code:(4)
Message: Build asset version error: assets/tim_test/roll.cs in SourceAssetDB has modification time of '2024-11-26T21:19:08.3652634Z' while content on disk has modification time of '2024-11-26T21:19:23.4262051Z'
  ERROR: Build asset version error: assets/tim_test/roll.cs in SourceAssetDB has modification time of '2024-11-26T21:19:08.3652634Z' while content on disk has modification time of '2024-11-26T21:19:23.4262051Z'
Number of updated asset objects reloaded before import = 0
Number of asset objects unloaded after import = 0
========================================================================
Received Import Request.
  Time since last request: 0.010473 seconds.
  path: Assets/Tim_Test/ROLL.cs
  artifactKey: Guid(73bade129c357b343b802e456aa1041c) Importer(815301076,1909f56bfc062723c751e8b465ee728b)
Start importing Assets/Tim_Test/ROLL.cs using Guid(73bade129c357b343b802e456aa1041c) Importer(815301076,1909f56bfc062723c751e8b465ee728b) [PhysX] Initialized MultithreadedTaskDispatcher with 12 workers.
 -> (artifact id: '00000000000000000000000000000000') in 0.000666 seconds
Import Error Code:(4)
Message: Build asset version error: assets/tim_test/roll.cs in SourceAssetDB has modification time of '2024-11-26T21:19:08.3652634Z' while content on disk has modification time of '2024-11-26T21:19:23.4262051Z'
  ERROR: Build asset version error: assets/tim_test/roll.cs in SourceAssetDB has modification time of '2024-11-26T21:19:08.3652634Z' while content on disk has modification time of '2024-11-26T21:19:23.4262051Z'
Number of updated asset objects reloaded before import = 0
Number of asset objects unloaded after import = 0
========================================================================
Received Import Request.
  Time since last request: 0.015470 seconds.
  path: Assets/Tim_Test/ROLL.cs
  artifactKey: Guid(73bade129c357b343b802e456aa1041c) Importer(815301076,1909f56bfc062723c751e8b465ee728b)
Start importing Assets/Tim_Test/ROLL.cs using Guid(73bade129c357b343b802e456aa1041c) Importer(815301076,1909f56bfc062723c751e8b465ee728b) [PhysX] Initialized MultithreadedTaskDispatcher with 12 workers.
 -> (artifact id: '00000000000000000000000000000000') in 0.000483 seconds
Import Error Code:(4)
Message: Build asset version error: assets/tim_test/roll.cs in SourceAssetDB has modification time of '2024-11-26T21:19:08.3652634Z' while content on disk has modification time of '2024-11-26T21:19:23.4262051Z'
  ERROR: Build asset version error: assets/tim_test/roll.cs in SourceAssetDB has modification time of '2024-11-26T21:19:08.3652634Z' while content on disk has modification time of '2024-11-26T21:19:23.4262051Z'
Number of updated asset objects reloaded before import = 0
Number of asset objects unloaded after import = 0
========================================================================
Received Import Request.
  Time since last request: 0.009131 seconds.
  path: Assets/Tim_Test/ROLL.cs
  artifactKey: Guid(73bade129c357b343b802e456aa1041c) Importer(815301076,1909f56bfc062723c751e8b465ee728b)
Start importing Assets/Tim_Test/ROLL.cs using Guid(73bade129c357b343b802e456aa1041c) Importer(815301076,1909f56bfc062723c751e8b465ee728b) [PhysX] Initialized MultithreadedTaskDispatcher with 12 workers.
 -> (artifact id: '00000000000000000000000000000000') in 0.000734 seconds
Import Error Code:(4)
Message: Build asset version error: assets/tim_test/roll.cs in SourceAssetDB has modification time of '2024-11-26T21:19:08.3652634Z' while content on disk has modification time of '2024-11-26T21:19:23.4262051Z'
  ERROR: Build asset version error: assets/tim_test/roll.cs in SourceAssetDB has modification time of '2024-11-26T21:19:08.3652634Z' while content on disk has modification time of '2024-11-26T21:19:23.4262051Z'
Number of updated asset objects reloaded before import = 0
Number of asset objects unloaded after import = 0
========================================================================
Received Import Request.
  Time since last request: 0.008783 seconds.
  path: Assets/Tim_Test/ROLL.cs
  artifactKey: Guid(73bade129c357b343b802e456aa1041c) Importer(815301076,1909f56bfc062723c751e8b465ee728b)
Start importing Assets/Tim_Test/ROLL.cs using Guid(73bade129c357b343b802e456aa1041c) Importer(815301076,1909f56bfc062723c751e8b465ee728b) [PhysX] Initialized MultithreadedTaskDispatcher with 12 workers.
 -> (artifact id: '00000000000000000000000000000000') in 0.000639 seconds
Import Error Code:(4)
Message: Build asset version error: assets/tim_test/roll.cs in SourceAssetDB has modification time of '2024-11-26T21:19:08.3652634Z' while content on disk has modification time of '2024-11-26T21:19:23.4262051Z'
  ERROR: Build asset version error: assets/tim_test/roll.cs in SourceAssetDB has modification time of '2024-11-26T21:19:08.3652634Z' while content on disk has modification time of '2024-11-26T21:19:23.4262051Z'
Number of updated asset objects reloaded before import = 0
Number of asset objects unloaded after import = 0
========================================================================
Received Prepare
Caller must complete domain reload
Begin MonoManager ReloadAssembly
- Loaded All Assemblies, in  0.484 seconds
Native extension for LinuxStandalone target not found
Native extension for WindowsStandalone target not found
Native extension for AppleTV target not found
Failed to load: C:/Program Files/2022.3.47f1/Editor/Data/PlaybackEngines/VisionOSPlayer\x64\UnityEditor.VisionOS.Native.dll
Native extension for VisionOS target not found
Native extension for iOS target not found
Native extension for Android target not found
[Package Manager] Server::EnsureServerProcessIsRunning -- launch failed, reason: Unity was launched with the -noUpm command-line argument
[Package Manager] UpmClient::Send -- Unable to send message (not connected to UPM process).
[Package Manager] Cannot connect to Unity Package Manager local server
Mono: successfully reloaded assembly
- Finished resetting the current domain, in  0.867 seconds
Domain Reload Profiling: 1347ms
	BeginReloadAssembly (155ms)
		ExecutionOrderSort (0ms)
		DisableScriptedObjects (3ms)
		BackupInstance (0ms)
		ReleaseScriptingObjects (0ms)
		CreateAndSetChildDomain (31ms)
	RebuildCommonClasses (29ms)
	RebuildNativeTypeToScriptingClass (14ms)
	initialDomainReloadingComplete (36ms)
	LoadAllAssembliesAndSetupDomain (245ms)
		LoadAssemblies (310ms)
		RebuildTransferFunctionScriptingTraits (0ms)
		AnalyzeDomain (24ms)
			TypeCache.Refresh (10ms)
				TypeCache.ScanAssembly (1ms)
			ScanForSourceGeneratedMonoScriptInfo (7ms)
			ResolveRequiredComponents (6ms)
	FinalizeReload (867ms)
		ReleaseScriptCaches (0ms)
		RebuildScriptCaches (0ms)
		SetupLoadedEditorAssemblies (416ms)
			LogAssemblyErrors (0ms)
			InitializePlatformSupportModulesInManaged (38ms)
			SetLoadedEditorAssemblies (3ms)
			RefreshPlugins (0ms)
			BeforeProcessingInitializeOnLoad (58ms)
			ProcessInitializeOnLoadAttributes (291ms)
			ProcessInitializeOnLoadMethodAttributes (19ms)
			AfterProcessingInitializeOnLoad (6ms)
			EditorAssembliesLoaded (0ms)
		ExecutionOrderSort2 (0ms)
		AwakeInstancesAfterBackupRestoration (5ms)
Refreshing native plugins compatible for Editor in 3.00 ms, found 3 plugins.
Preloading 0 native plugins for Editor in 0.00 ms.
Unloading 3129 Unused Serialized files (Serialized files now loaded: 0)
Unloading 14 unused Assets / (28.5 KB). Loaded Objects now: 3631.
Memory consumption went from 123.8 MB to 123.7 MB.
Total: 2.325900 ms (FindLiveObjects: 0.157400 ms CreateObjectMapping: 0.072400 ms MarkObjects: 2.063100 ms  DeleteObjects: 0.032000 ms)

Prepare: number of updated asset objects reloaded= 0
AssetImportParameters requested are different than current active one (requested -> active):
  custom:container-demuxer-ogg: 62fdf1f143b41e24485cea50d1cbac27 -> 
  custom:video-codec-MediaFoundation-h265: 746d11721c4dcdbdad8f713fa42b33f4 -> 
  custom:video-decoder-ogg-theora: a1e56fd34408186e4bbccfd4996cb3dc -> 
  custom:framework-win-MediaFoundation: 216162199b28c13a410421893ffa2e32 -> 
  custom:CustomObjectIndexerAttribute: 9a22284fe3817be447336de3de66b15e -> 
  custom:container-demuxer-webm: 4f35f7cbe854078d1ac9338744f61a02 -> 
  custom:container-muxer-webm: aa71ff27fc2769a1b78a27578f13a17b -> 
  custom:video-decoder-webm-vp8: 9c59270c3fd7afecdb556c50c9e8de78 -> 
  custom:SearchIndexIgnoredProperties: e643bd26f0fe6173181afceb89e7c659 -> 
  custom:AudioImporter_EditorPlatform: d09bf68614088b80899f8185d706f6e7 -> 
  custom:video-encoder-webm-vp8: eb34c28f22e8b96e1ab97ce403110664 -> 
  custom:audio-decoder-ogg-vorbis: bf7c407c2cedff20999df2af8eb42d56 -> 
  custom:audio-encoder-webm-vorbis: bf7c407c2cedff20999df2af8eb42d56 -> 
========================================================================
Received Prepare
Caller must complete domain reload
Begin MonoManager ReloadAssembly
- Loaded All Assemblies, in  0.419 seconds
Native extension for LinuxStandalone target not found
Native extension for WindowsStandalone target not found
Native extension for AppleTV target not found
Failed to load: C:/Program Files/2022.3.47f1/Editor/Data/PlaybackEngines/VisionOSPlayer\x64\UnityEditor.VisionOS.Native.dll
Native extension for VisionOS target not found
Native extension for iOS target not found
Native extension for Android target not found
[Package Manager] Server::EnsureServerProcessIsRunning -- launch failed, reason: Unity was launched with the -noUpm command-line argument
[Package Manager] UpmClient::Send -- Unable to send message (not connected to UPM process).
[Package Manager] Cannot connect to Unity Package Manager local server
Mono: successfully reloaded assembly
- Finished resetting the current domain, in  0.835 seconds
Domain Reload Profiling: 1251ms
	BeginReloadAssembly (140ms)
		ExecutionOrderSort (0ms)
		DisableScriptedObjects (4ms)
		BackupInstance (0ms)
		ReleaseScriptingObjects (0ms)
		CreateAndSetChildDomain (25ms)
	RebuildCommonClasses (30ms)
	RebuildNativeTypeToScriptingClass (8ms)
	initialDomainReloadingComplete (26ms)
	LoadAllAssembliesAndSetupDomain (212ms)
		LoadAssemblies (271ms)
		RebuildTransferFunctionScriptingTraits (0ms)
		AnalyzeDomain (20ms)
			TypeCache.Refresh (9ms)
				TypeCache.ScanAssembly (1ms)
			ScanForSourceGeneratedMonoScriptInfo (5ms)
			ResolveRequiredComponents (4ms)
	FinalizeReload (836ms)
		ReleaseScriptCaches (0ms)
		RebuildScriptCaches (0ms)
		SetupLoadedEditorAssemblies (391ms)
			LogAssemblyErrors (0ms)
			InitializePlatformSupportModulesInManaged (31ms)
			SetLoadedEditorAssemblies (2ms)
			RefreshPlugins (0ms)
			BeforeProcessingInitializeOnLoad (50ms)
			ProcessInitializeOnLoadAttributes (278ms)
			ProcessInitializeOnLoadMethodAttributes (22ms)
			AfterProcessingInitializeOnLoad (7ms)
			EditorAssembliesLoaded (0ms)
		ExecutionOrderSort2 (0ms)
		AwakeInstancesAfterBackupRestoration (7ms)
Refreshing native plugins compatible for Editor in 3.21 ms, found 3 plugins.
Preloading 0 native plugins for Editor in 0.00 ms.
Unloading 3130 Unused Serialized files (Serialized files now loaded: 0)
Unloading 14 unused Assets / (28.5 KB). Loaded Objects now: 3634.
Memory consumption went from 124.0 MB to 124.0 MB.
Total: 2.396900 ms (FindLiveObjects: 0.222700 ms CreateObjectMapping: 0.115700 ms MarkObjects: 2.025800 ms  DeleteObjects: 0.031600 ms)

Prepare: number of updated asset objects reloaded= 0
AssetImportParameters requested are different than current active one (requested -> active):
  custom:container-demuxer-ogg: 62fdf1f143b41e24485cea50d1cbac27 -> 
  custom:video-codec-MediaFoundation-h265: 746d11721c4dcdbdad8f713fa42b33f4 -> 
  custom:video-decoder-ogg-theora: a1e56fd34408186e4bbccfd4996cb3dc -> 
  custom:framework-win-MediaFoundation: 216162199b28c13a410421893ffa2e32 -> 
  custom:CustomObjectIndexerAttribute: 9a22284fe3817be447336de3de66b15e -> 
  custom:container-demuxer-webm: 4f35f7cbe854078d1ac9338744f61a02 -> 
  custom:container-muxer-webm: aa71ff27fc2769a1b78a27578f13a17b -> 
  custom:video-decoder-webm-vp8: 9c59270c3fd7afecdb556c50c9e8de78 -> 
  custom:SearchIndexIgnoredProperties: e643bd26f0fe6173181afceb89e7c659 -> 
  custom:AudioImporter_EditorPlatform: d09bf68614088b80899f8185d706f6e7 -> 
  custom:video-encoder-webm-vp8: eb34c28f22e8b96e1ab97ce403110664 -> 
  custom:audio-decoder-ogg-vorbis: bf7c407c2cedff20999df2af8eb42d56 -> 
  custom:audio-encoder-webm-vorbis: bf7c407c2cedff20999df2af8eb42d56 -> 
========================================================================
Received Import Request.
  Time since last request: 104.768276 seconds.
  path: Assets/Tim_Test/ROLL.cs
  artifactKey: Guid(73bade129c357b343b802e456aa1041c) Importer(815301076,1909f56bfc062723c751e8b465ee728b)
Start importing Assets/Tim_Test/ROLL.cs using Guid(73bade129c357b343b802e456aa1041c) Importer(815301076,1909f56bfc062723c751e8b465ee728b) [PhysX] Initialized MultithreadedTaskDispatcher with 12 workers.
 -> (artifact id: '8a9f2bd4d23071d37bb6343c04558c96') in 0.002156 seconds
Number of updated asset objects reloaded before import = 0
Number of asset objects unloaded after import = 0
========================================================================
Received Prepare
Caller must complete domain reload
Begin MonoManager ReloadAssembly
- Loaded All Assemblies, in  0.397 seconds
Native extension for LinuxStandalone target not found
Native extension for WindowsStandalone target not found
Native extension for AppleTV target not found
Failed to load: C:/Program Files/2022.3.47f1/Editor/Data/PlaybackEngines/VisionOSPlayer\x64\UnityEditor.VisionOS.Native.dll
Native extension for VisionOS target not found
Native extension for iOS target not found
Native extension for Android target not found
[Package Manager] Server::EnsureServerProcessIsRunning -- launch failed, reason: Unity was launched with the -noUpm command-line argument
[Package Manager] UpmClient::Send -- Unable to send message (not connected to UPM process).
[Package Manager] Cannot connect to Unity Package Manager local server
Mono: successfully reloaded assembly
- Finished resetting the current domain, in  0.748 seconds
Domain Reload Profiling: 1142ms
	BeginReloadAssembly (130ms)
		ExecutionOrderSort (0ms)
		DisableScriptedObjects (3ms)
		BackupInstance (0ms)
		ReleaseScriptingObjects (0ms)
		CreateAndSetChildDomain (26ms)
	RebuildCommonClasses (28ms)
	RebuildNativeTypeToScriptingClass (9ms)
	initialDomainReloadingComplete (25ms)
	LoadAllAssembliesAndSetupDomain (201ms)
		LoadAssemblies (255ms)
		RebuildTransferFunctionScriptingTraits (0ms)
		AnalyzeDomain (19ms)
			TypeCache.Refresh (8ms)
				TypeCache.ScanAssembly (1ms)
			ScanForSourceGeneratedMonoScriptInfo (5ms)
			ResolveRequiredComponents (4ms)
	FinalizeReload (748ms)
		ReleaseScriptCaches (0ms)
		RebuildScriptCaches (0ms)
		SetupLoadedEditorAssemblies (357ms)
			LogAssemblyErrors (0ms)
			InitializePlatformSupportModulesInManaged (31ms)
			SetLoadedEditorAssemblies (2ms)
			RefreshPlugins (0ms)
			BeforeProcessingInitializeOnLoad (48ms)
			ProcessInitializeOnLoadAttributes (255ms)
			ProcessInitializeOnLoadMethodAttributes (15ms)
			AfterProcessingInitializeOnLoad (5ms)
			EditorAssembliesLoaded (0ms)
		ExecutionOrderSort2 (0ms)
		AwakeInstancesAfterBackupRestoration (6ms)
Refreshing native plugins compatible for Editor in 3.41 ms, found 3 plugins.
Preloading 0 native plugins for Editor in 0.00 ms.
Unloading 3128 Unused Serialized files (Serialized files now loaded: 0)
Unloading 15 unused Assets / (29.0 KB). Loaded Objects now: 3636.
Memory consumption went from 123.7 MB to 123.7 MB.
Total: 2.188300 ms (FindLiveObjects: 0.177500 ms CreateObjectMapping: 0.077700 ms MarkObjects: 1.898700 ms  DeleteObjects: 0.033500 ms)

Prepare: number of updated asset objects reloaded= 0
AssetImportParameters requested are different than current active one (requested -> active):
  custom:container-demuxer-ogg: 62fdf1f143b41e24485cea50d1cbac27 -> 
  custom:video-codec-MediaFoundation-h265: 746d11721c4dcdbdad8f713fa42b33f4 -> 
  custom:video-decoder-ogg-theora: a1e56fd34408186e4bbccfd4996cb3dc -> 
  custom:framework-win-MediaFoundation: 216162199b28c13a410421893ffa2e32 -> 
  custom:CustomObjectIndexerAttribute: 9a22284fe3817be447336de3de66b15e -> 
  custom:container-demuxer-webm: 4f35f7cbe854078d1ac9338744f61a02 -> 
  custom:container-muxer-webm: aa71ff27fc2769a1b78a27578f13a17b -> 
  custom:video-decoder-webm-vp8: 9c59270c3fd7afecdb556c50c9e8de78 -> 
  custom:SearchIndexIgnoredProperties: e643bd26f0fe6173181afceb89e7c659 -> 
  custom:AudioImporter_EditorPlatform: d09bf68614088b80899f8185d706f6e7 -> 
  custom:video-encoder-webm-vp8: eb34c28f22e8b96e1ab97ce403110664 -> 
  custom:audio-decoder-ogg-vorbis: bf7c407c2cedff20999df2af8eb42d56 -> 
  custom:audio-encoder-webm-vorbis: bf7c407c2cedff20999df2af8eb42d56 -> 
